<?xml version="1.0" encoding="UTF-8"?>
<!-- Generated by org.testng.reporters.JUnitXMLReporter -->
<testsuite hostname="DESKTOP-T6VNPJJ" ignored="0" name="Default test" tests="5" failures="0" timestamp="2022-06-29T12:48:31 IST" time="7.714" errors="0">
  <testcase name="shouldBeAbleToCreateAPlaylist" time="5.717" classname="com.spotify.oauth2.tests.PlaylistTests"/>
  <testcase name="shouldBeAbleToGetAPlaylist" time="0.734" classname="com.spotify.oauth2.tests.PlaylistTests"/>
  <testcase name="shouldBeAbleToUpdateAPlaylist" time="0.358" classname="com.spotify.oauth2.tests.PlaylistTests"/>
  <testcase name="shouldNotBeAbleToCreateAPlaylistWithExpiredToken" time="0.305" classname="com.spotify.oauth2.tests.PlaylistTests"/>
  <testcase name="shouldNotBeAbleToCreateAPlaylistWithoutName" time="0.535" classname="com.spotify.oauth2.tests.PlaylistTests"/>
</testsuite> <!-- Default test -->
