<?xml version="1.0" encoding="UTF-8"?>
<testng-results skipped="0" failed="0" ignored="0" total="5" passed="5">
  <reporter-output>
  </reporter-output>
  <suite name="Default suite" duration-ms="7714" started-at="2022-06-29T12:48:24 IST" finished-at="2022-06-29T12:48:31 IST">
    <groups>
    </groups>
    <test name="Default test" duration-ms="7714" started-at="2022-06-29T12:48:24 IST" finished-at="2022-06-29T12:48:31 IST">
      <class name="com.spotify.oauth2.tests.PlaylistTests">
        <test-method status="PASS" signature="shouldBeAbleToCreateAPlaylist()[pri:0, instance:com.spotify.oauth2.tests.PlaylistTests@4f063c0a]" name="shouldBeAbleToCreateAPlaylist" duration-ms="5717" started-at="2022-06-29T12:48:24 IST" finished-at="2022-06-29T12:48:29 IST">
          <reporter-output>
          </reporter-output>
        </test-method> <!-- shouldBeAbleToCreateAPlaylist -->
        <test-method status="PASS" signature="shouldBeAbleToGetAPlaylist()[pri:0, instance:com.spotify.oauth2.tests.PlaylistTests@4f063c0a]" name="shouldBeAbleToGetAPlaylist" duration-ms="734" started-at="2022-06-29T12:48:29 IST" finished-at="2022-06-29T12:48:30 IST">
          <reporter-output>
          </reporter-output>
        </test-method> <!-- shouldBeAbleToGetAPlaylist -->
        <test-method status="PASS" signature="shouldBeAbleToUpdateAPlaylist()[pri:0, instance:com.spotify.oauth2.tests.PlaylistTests@4f063c0a]" name="shouldBeAbleToUpdateAPlaylist" duration-ms="358" started-at="2022-06-29T12:48:30 IST" finished-at="2022-06-29T12:48:31 IST">
          <reporter-output>
          </reporter-output>
        </test-method> <!-- shouldBeAbleToUpdateAPlaylist -->
        <test-method status="PASS" signature="shouldNotBeAbleToCreateAPlaylistWithExpiredToken()[pri:0, instance:com.spotify.oauth2.tests.PlaylistTests@4f063c0a]" name="shouldNotBeAbleToCreateAPlaylistWithExpiredToken" duration-ms="305" started-at="2022-06-29T12:48:31 IST" finished-at="2022-06-29T12:48:31 IST">
          <reporter-output>
          </reporter-output>
        </test-method> <!-- shouldNotBeAbleToCreateAPlaylistWithExpiredToken -->
        <test-method status="PASS" signature="shouldNotBeAbleToCreateAPlaylistWithoutName()[pri:0, instance:com.spotify.oauth2.tests.PlaylistTests@4f063c0a]" name="shouldNotBeAbleToCreateAPlaylistWithoutName" duration-ms="535" started-at="2022-06-29T12:48:31 IST" finished-at="2022-06-29T12:48:31 IST">
          <reporter-output>
          </reporter-output>
        </test-method> <!-- shouldNotBeAbleToCreateAPlaylistWithoutName -->
      </class> <!-- com.spotify.oauth2.tests.PlaylistTests -->
    </test> <!-- Default test -->
  </suite> <!-- Default suite -->
</testng-results>
